Arguments: 
  /usr/local/bin/node /opt/yarn-v1.22.19/bin/yarn.js

PATH: 
  /usr/local/sbin:/usr/local/bin:/usr/sbin:/usr/bin:/sbin:/bin

Yarn version: 
  1.22.19

Node version: 
  21.4.0

Platform: 
  linux x64

Trace: 
  Error: https://registry.yarnpkg.com/@challenge%2fbackend: Not found
      at params.callback [as _callback] (/opt/yarn-v1.22.19/lib/cli.js:66145:18)
      at self.callback (/opt/yarn-v1.22.19/lib/cli.js:140890:22)
      at Request.emit (node:events:519:28)
      at Request.<anonymous> (/opt/yarn-v1.22.19/lib/cli.js:141862:10)
      at Request.emit (node:events:519:28)
      at IncomingMessage.<anonymous> (/opt/yarn-v1.22.19/lib/cli.js:141784:12)
      at Object.onceWrapper (node:events:633:28)
      at IncomingMessage.emit (node:events:531:35)
      at endReadableNT (node:internal/streams/readable:1696:12)
      at process.processTicksAndRejections (node:internal/process/task_queues:82:21)

npm manifest: 
  {
      "name": "app",
      "version": "1.0.0",
      "private": true,
      "workspaces": {
          "packages": [
              "@challenge/backend",
              "@challenge/frontend"
          ]
      },
      "scripts": {
          "build": "yarn workspaces run build",
          "test": "yarn workspaces run test",
          "lint": "yarn workspaces run lint",
          "dev": "bash scripts/start.dev.sh",
          "start": "bash scripts/start.prod.sh",
          "core": "yarn workspace @challenge/backend",
          "core:build": "yarn core build",
          "core:lint": "yarn core lint",
          "core:test": "yarn core test",
          "core:dev": "PORT=3001 yarn core start:dev",
          "core:start": "yarn core start:prod",
          "web": "yarn workspace @challenge/frontend",
          "web:build": "yarn web build",
          "web:lint": "yarn web lint",
          "web:test": "yarn web test",
          "web:dev": "yarn web dev",
          "web:start": "yarn web start"
      },
      "author": "",
      "license": "ISC",
      "dependencies": {
          "@challenge/backend": "^0.0.1",
          "@challenge/frontend": "^0.0.1"
      }
  }

yarn manifest: 
  No manifest

Lockfile: 
  # THIS IS AN AUTOGENERATED FILE. DO NOT EDIT THIS FILE DIRECTLY.
  # yarn lockfile v1
